#
# There is insufficient memory for the Java Runtime Environment to continue.
# Native memory allocation (malloc) failed to allocate 1198400 bytes for Chunk::new
# Possible reasons:
#   The system is out of physical RAM or swap space
#   The process is running with CompressedOops enabled, and the Java Heap may be blocking the growth of the native heap
# Possible solutions:
#   Reduce memory load on the system
#   Increase physical memory or swap space
#   Check if swap backing store is full
#   Decrease Java heap size (-Xmx/-Xms)
#   Decrease number of Java threads
#   Decrease Java thread stack sizes (-Xss)
#   Set larger code cache with -XX:ReservedCodeCacheSize=
#   JVM is running with Unscaled Compressed Oops mode in which the Java heap is
#     placed in the first 4GB address space. The Java Heap base address is the
#     maximum limit for the native heap growth. Please use -XX:HeapBaseMinAddress
#     to set the Java Heap base and to place the Java Heap above 4GB virtual address.
# This output file may be truncated or incomplete.
#
#  Out of Memory Error (arena.cpp:184), pid=11408, tid=11508
#
# JRE version: Java(TM) SE Runtime Environment (18.0.2+9) (build 18.0.2+9-61)
# Java VM: Java HotSpot(TM) 64-Bit Server VM (18.0.2+9-61, mixed mode, sharing, tiered, compressed oops, compressed class ptrs, g1 gc, windows-amd64)
# No core dump will be written. Minidumps are not enabled by default on client versions of Windows
#

---------------  S U M M A R Y ------------

Command Line: -Dfile.encoding=UTF-8 -XX:+ShowCodeDetailsInExceptionMessages com.hospitalapp.controller.HospitalApp

Host: Intel(R) Core(TM) i5-3320M CPU @ 2.60GHz, 4 cores, 5G,  Windows 10 , 64 bit Build 19041 (10.0.19041.3393)
Time: Sat Sep 16 11:43:23 2023 India Standard Time elapsed time: 2.911370 seconds (0d 0h 0m 2s)

---------------  T H R E A D  ---------------

Current thread (0x000001b0d875f020):  JavaThread "C2 CompilerThread1" daemon [_thread_in_native, id=11508, stack(0x000000449c700000,0x000000449c800000)]


Current CompileTask:
C2:   2911 1384 % !   4       com.sun.crypto.provider.PBKDF2KeyImpl::deriveKey @ 191 (295 bytes)

Stack: [0x000000449c700000,0x000000449c800000]
Native frames: (J=compiled Java code, j=interpreted, Vv=VM code, C=native code)
V  [jvm.dll+0x6993ca]
V  [jvm.dll+0x7f481d]
V  [jvm.dll+0x7f612e]
V  [jvm.dll+0x7f67e3]
V  [jvm.dll+0x25cdaf]
V  [jvm.dll+0xb8c2f]
V  [jvm.dll+0xb8fa5]
V  [jvm.dll+0x3860cb]
V  [jvm.dll+0x34fd01]
V  [jvm.dll+0x34f19a]
V  [jvm.dll+0x22ff51]
V  [jvm.dll+0x22f321]
V  [jvm.dll+0x1ba01c]
V  [jvm.dll+0x23ec9a]
V  [jvm.dll+0x23cf85]
V  [jvm.dll+0x7a6e21]
V  [jvm.dll+0x7a125a]
V  [jvm.dll+0x698275]
C  [ucrtbase.dll+0x21bb2]
C  [KERNEL32.DLL+0x17344]
C  [ntdll.dll+0x526b1]


---------------  P R O C E S S  ---------------

Threads class SMR info:
_java_thread_list=0x000001b0d87495c0, length=13, elements={
0x000001b0b6db2420, 0x000001b0b6e6dd30, 0x000001b0b6e732d0, 0x000001b0b6e7e6c0,
0x000001b0d33a80d0, 0x000001b0d33a8980, 0x000001b0d33a9230, 0x000001b0d33a9e10,
0x000001b0d3418a50, 0x000001b0d341db10, 0x000001b0d785d740, 0x000001b0d7864290,
0x000001b0d875f020
}

Java Threads: ( => current thread )
  0x000001b0b6db2420 JavaThread "main" [_thread_in_Java, id=6476, stack(0x000000449af00000,0x000000449b000000)]
  0x000001b0b6e6dd30 JavaThread "Reference Handler" daemon [_thread_blocked, id=13212, stack(0x000000449b600000,0x000000449b700000)]
  0x000001b0b6e732d0 JavaThread "Finalizer" daemon [_thread_blocked, id=16252, stack(0x000000449b700000,0x000000449b800000)]
  0x000001b0b6e7e6c0 JavaThread "Signal Dispatcher" daemon [_thread_blocked, id=14596, stack(0x000000449b800000,0x000000449b900000)]
  0x000001b0d33a80d0 JavaThread "Attach Listener" daemon [_thread_blocked, id=15860, stack(0x000000449b900000,0x000000449ba00000)]
  0x000001b0d33a8980 JavaThread "Service Thread" daemon [_thread_blocked, id=15872, stack(0x000000449ba00000,0x000000449bb00000)]
  0x000001b0d33a9230 JavaThread "Monitor Deflation Thread" daemon [_thread_blocked, id=15224, stack(0x000000449bb00000,0x000000449bc00000)]
  0x000001b0d33a9e10 JavaThread "C2 CompilerThread0" daemon [_thread_blocked, id=15376, stack(0x000000449bc00000,0x000000449bd00000)]
  0x000001b0d3418a50 JavaThread "C1 CompilerThread0" daemon [_thread_in_native, id=12244, stack(0x000000449bd00000,0x000000449be00000)]
  0x000001b0d341db10 JavaThread "Sweeper thread" daemon [_thread_blocked, id=16008, stack(0x000000449be00000,0x000000449bf00000)]
  0x000001b0d785d740 JavaThread "Notification Thread" daemon [_thread_blocked, id=10420, stack(0x000000449bf00000,0x000000449c000000)]
  0x000001b0d7864290 JavaThread "Common-Cleaner" daemon [_thread_blocked, id=1996, stack(0x000000449c100000,0x000000449c200000)]
=>0x000001b0d875f020 JavaThread "C2 CompilerThread1" daemon [_thread_in_native, id=11508, stack(0x000000449c700000,0x000000449c800000)]

Other Threads:
  0x000001b0b6e68270 VMThread "VM Thread" [stack: 0x000000449b500000,0x000000449b600000] [id=12668]
  0x000001b0d7864020 WatcherThread "VM Periodic Task Thread" [stack: 0x000000449c000000,0x000000449c100000] [id=13824]
  0x000001b0b6e02430 WorkerThread "GC Thread#0" [stack: 0x000000449b000000,0x000000449b100000] [id=16188]
  0x000001b0d7ca9fd0 WorkerThread "GC Thread#1" [stack: 0x000000449c300000,0x000000449c400000] [id=15428]
  0x000001b0d7ca6580 WorkerThread "GC Thread#2" [stack: 0x000000449c400000,0x000000449c500000] [id=8888]
  0x000001b0d7ae8550 WorkerThread "GC Thread#3" [stack: 0x000000449c500000,0x000000449c600000] [id=15868]
  0x000001b0b6e10fd0 ConcurrentGCThread "G1 Main Marker" [stack: 0x000000449b100000,0x000000449b200000] [id=8592]
  0x000001b0b6e12070 WorkerThread "G1 Conc#0" [stack: 0x000000449b200000,0x000000449b300000] [id=8844]
  0x000001b0b6e44100 ConcurrentGCThread "G1 Refine#0" [stack: 0x000000449b300000,0x000000449b400000] [id=14412]
  0x000001b0b6e44920 ConcurrentGCThread "G1 Service" [stack: 0x000000449b400000,0x000000449b500000] [id=9372]

Threads with active compile tasks:
C2 CompilerThread1     2954 1384 % !   4       com.sun.crypto.provider.PBKDF2KeyImpl::deriveKey @ 191 (295 bytes)

VM state: not at safepoint (normal execution)

VM Mutex/Monitor currently owned by a thread: None

Heap address: 0x00000000a1600000, size: 1514 MB, Compressed Oops mode: 32-bit

CDS archive(s) mapped at: [0x0000000800000000-0x0000000800ba0000-0x0000000800ba0000), size 12189696, SharedBaseAddress: 0x0000000800000000, ArchiveRelocationMode: 0.
Compressed class space mapped at: 0x0000000800c00000-0x0000000840c00000, reserved size: 1073741824
Narrow klass base: 0x0000000800000000, Narrow klass shift: 0, Narrow klass range: 0x100000000

GC Precious Log:
 CardTable entry size: 512
 Card Set container configuration: InlinePtr #cards 5 size 8 Array Of Cards #cards 12 size 40 Howl #buckets 4 coarsen threshold 1843 Howl Bitmap #cards 512 size 80 coarsen threshold 460 Card regions per heap region 1 cards per card region 2048
 CPUs: 4 total, 4 available
 Memory: 6049M
 Large Page Support: Disabled
 NUMA Support: Disabled
 Compressed Oops: Enabled (32-bit)
 Heap Region Size: 1M
 Heap Min Capacity: 8M
 Heap Initial Capacity: 96M
 Heap Max Capacity: 1514M
 Pre-touch: Disabled
 Parallel Workers: 4
 Concurrent Workers: 1
 Concurrent Refinement Workers: 4
 Periodic GC: Disabled

Heap:
 garbage-first heap   total 98304K, used 10452K [0x00000000a1600000, 0x0000000100000000)
  region size 1024K, 8 young (8192K), 1 survivors (1024K)
 Metaspace       used 14413K, committed 14656K, reserved 1114112K
  class space    used 1802K, committed 1920K, reserved 1048576K

Heap Regions: E=young(eden), S=young(survivor), O=old, HS=humongous(starts), HC=humongous(continues), CS=collection set, F=free, OA=open archive, CA=closed archive, TAMS=top-at-mark-start (previous, next)
|   0|0x00000000a1600000, 0x00000000a1700000, 0x00000000a1700000|100%|HS|  |TAMS 0x00000000a1600000, 0x00000000a1600000| Complete 
|   1|0x00000000a1700000, 0x00000000a1800000, 0x00000000a1800000|100%| O|  |TAMS 0x00000000a1700000, 0x00000000a1700000| Untracked 
|   2|0x00000000a1800000, 0x00000000a1900000, 0x00000000a1900000|100%| O|  |TAMS 0x00000000a1800000, 0x00000000a1800000| Untracked 
|   3|0x00000000a1900000, 0x00000000a1a00000, 0x00000000a1a00000|100%| O|  |TAMS 0x00000000a1900000, 0x00000000a1900000| Untracked 
|   4|0x00000000a1a00000, 0x00000000a1a35200, 0x00000000a1b00000| 20%| O|  |TAMS 0x00000000a1a00000, 0x00000000a1a00000| Untracked 
|   5|0x00000000a1b00000, 0x00000000a1b00000, 0x00000000a1c00000|  0%| F|  |TAMS 0x00000000a1b00000, 0x00000000a1b00000| Untracked 
|   6|0x00000000a1c00000, 0x00000000a1c00000, 0x00000000a1d00000|  0%| F|  |TAMS 0x00000000a1c00000, 0x00000000a1c00000| Untracked 
|   7|0x00000000a1d00000, 0x00000000a1d00000, 0x00000000a1e00000|  0%| F|  |TAMS 0x00000000a1d00000, 0x00000000a1d00000| Untracked 
|   8|0x00000000a1e00000, 0x00000000a1e00000, 0x00000000a1f00000|  0%| F|  |TAMS 0x00000000a1e00000, 0x00000000a1e00000| Untracked 
|   9|0x00000000a1f00000, 0x00000000a1f00000, 0x00000000a2000000|  0%| F|  |TAMS 0x00000000a1f00000, 0x00000000a1f00000| Untracked 
|  10|0x00000000a2000000, 0x00000000a2000000, 0x00000000a2100000|  0%| F|  |TAMS 0x00000000a2000000, 0x00000000a2000000| Untracked 
|  11|0x00000000a2100000, 0x00000000a2100000, 0x00000000a2200000|  0%| F|  |TAMS 0x00000000a2100000, 0x00000000a2100000| Untracked 
|  12|0x00000000a2200000, 0x00000000a2200000, 0x00000000a2300000|  0%| F|  |TAMS 0x00000000a2200000, 0x00000000a2200000| Untracked 
|  13|0x00000000a2300000, 0x00000000a2300000, 0x00000000a2400000|  0%| F|  |TAMS 0x00000000a2300000, 0x00000000a2300000| Untracked 
|  14|0x00000000a2400000, 0x00000000a2400000, 0x00000000a2500000|  0%| F|  |TAMS 0x00000000a2400000, 0x00000000a2400000| Untracked 
|  15|0x00000000a2500000, 0x00000000a2500000, 0x00000000a2600000|  0%| F|  |TAMS 0x00000000a2500000, 0x00000000a2500000| Untracked 
|  16|0x00000000a2600000, 0x00000000a2600000, 0x00000000a2700000|  0%| F|  |TAMS 0x00000000a2600000, 0x00000000a2600000| Untracked 
|  17|0x00000000a2700000, 0x00000000a2700000, 0x00000000a2800000|  0%| F|  |TAMS 0x00000000a2700000, 0x00000000a2700000| Untracked 
|  18|0x00000000a2800000, 0x00000000a2800000, 0x00000000a2900000|  0%| F|  |TAMS 0x00000000a2800000, 0x00000000a2800000| Untracked 
|  19|0x00000000a2900000, 0x00000000a2900000, 0x00000000a2a00000|  0%| F|  |TAMS 0x00000000a2900000, 0x00000000a2900000| Untracked 
|  20|0x00000000a2a00000, 0x00000000a2a00000, 0x00000000a2b00000|  0%| F|  |TAMS 0x00000000a2a00000, 0x00000000a2a00000| Untracked 
|  21|0x00000000a2b00000, 0x00000000a2b00000, 0x00000000a2c00000|  0%| F|  |TAMS 0x00000000a2b00000, 0x00000000a2b00000| Untracked 
|  22|0x00000000a2c00000, 0x00000000a2c00000, 0x00000000a2d00000|  0%| F|  |TAMS 0x00000000a2c00000, 0x00000000a2c00000| Untracked 
|  23|0x00000000a2d00000, 0x00000000a2d00000, 0x00000000a2e00000|  0%| F|  |TAMS 0x00000000a2d00000, 0x00000000a2d00000| Untracked 
|  24|0x00000000a2e00000, 0x00000000a2e00000, 0x00000000a2f00000|  0%| F|  |TAMS 0x00000000a2e00000, 0x00000000a2e00000| Untracked 
|  25|0x00000000a2f00000, 0x00000000a2f00000, 0x00000000a3000000|  0%| F|  |TAMS 0x00000000a2f00000, 0x00000000a2f00000| Untracked 
|  26|0x00000000a3000000, 0x00000000a3000000, 0x00000000a3100000|  0%| F|  |TAMS 0x00000000a3000000, 0x00000000a3000000| Untracked 
|  27|0x00000000a3100000, 0x00000000a3100000, 0x00000000a3200000|  0%| F|  |TAMS 0x00000000a3100000, 0x00000000a3100000| Untracked 
|  28|0x00000000a3200000, 0x00000000a3200000, 0x00000000a3300000|  0%| F|  |TAMS 0x00000000a3200000, 0x00000000a3200000| Untracked 
|  29|0x00000000a3300000, 0x00000000a3300000, 0x00000000a3400000|  0%| F|  |TAMS 0x00000000a3300000, 0x00000000a3300000| Untracked 
|  30|0x00000000a3400000, 0x00000000a3400000, 0x00000000a3500000|  0%| F|  |TAMS 0x00000000a3400000, 0x00000000a3400000| Untracked 
|  31|0x00000000a3500000, 0x00000000a3500000, 0x00000000a3600000|  0%| F|  |TAMS 0x00000000a3500000, 0x00000000a3500000| Untracked 
|  32|0x00000000a3600000, 0x00000000a3600000, 0x00000000a3700000|  0%| F|  |TAMS 0x00000000a3600000, 0x00000000a3600000| Untracked 
|  33|0x00000000a3700000, 0x00000000a3700000, 0x00000000a3800000|  0%| F|  |TAMS 0x00000000a3700000, 0x00000000a3700000| Untracked 
|  34|0x00000000a3800000, 0x00000000a3800000, 0x00000000a3900000|  0%| F|  |TAMS 0x00000000a3800000, 0x00000000a3800000| Untracked 
|  35|0x00000000a3900000, 0x00000000a3900000, 0x00000000a3a00000|  0%| F|  |TAMS 0x00000000a3900000, 0x00000000a3900000| Untracked 
|  36|0x00000000a3a00000, 0x00000000a3a00000, 0x00000000a3b00000|  0%| F|  |TAMS 0x00000000a3a00000, 0x00000000a3a00000| Untracked 
|  37|0x00000000a3b00000, 0x00000000a3b00000, 0x00000000a3c00000|  0%| F|  |TAMS 0x00000000a3b00000, 0x00000000a3b00000| Untracked 
|  38|0x00000000a3c00000, 0x00000000a3c00000, 0x00000000a3d00000|  0%| F|  |TAMS 0x00000000a3c00000, 0x00000000a3c00000| Untracked 
|  39|0x00000000a3d00000, 0x00000000a3d00000, 0x00000000a3e00000|  0%| F|  |TAMS 0x00000000a3d00000, 0x00000000a3d00000| Untracked 
|  40|0x00000000a3e00000, 0x00000000a3e00000, 0x00000000a3f00000|  0%| F|  |TAMS 0x00000000a3e00000, 0x00000000a3e00000| Untracked 
|  41|0x00000000a3f00000, 0x00000000a3f00000, 0x00000000a4000000|  0%| F|  |TAMS 0x00000000a3f00000, 0x00000000a3f00000| Untracked 
|  42|0x00000000a4000000, 0x00000000a4000000, 0x00000000a4100000|  0%| F|  |TAMS 0x00000000a4000000, 0x00000000a4000000| Untracked 
|  43|0x00000000a4100000, 0x00000000a4100000, 0x00000000a4200000|  0%| F|  |TAMS 0x00000000a4100000, 0x00000000a4100000| Untracked 
|  44|0x00000000a4200000, 0x00000000a4200000, 0x00000000a4300000|  0%| F|  |TAMS 0x00000000a4200000, 0x00000000a4200000| Untracked 
|  45|0x00000000a4300000, 0x00000000a4300000, 0x00000000a4400000|  0%| F|  |TAMS 0x00000000a4300000, 0x00000000a4300000| Untracked 
|  46|0x00000000a4400000, 0x00000000a4400000, 0x00000000a4500000|  0%| F|  |TAMS 0x00000000a4400000, 0x00000000a4400000| Untracked 
|  47|0x00000000a4500000, 0x00000000a4500000, 0x00000000a4600000|  0%| F|  |TAMS 0x00000000a4500000, 0x00000000a4500000| Untracked 
|  48|0x00000000a4600000, 0x00000000a4600000, 0x00000000a4700000|  0%| F|  |TAMS 0x00000000a4600000, 0x00000000a4600000| Untracked 
|  49|0x00000000a4700000, 0x00000000a4700000, 0x00000000a4800000|  0%| F|  |TAMS 0x00000000a4700000, 0x00000000a4700000| Untracked 
|  50|0x00000000a4800000, 0x00000000a4800000, 0x00000000a4900000|  0%| F|  |TAMS 0x00000000a4800000, 0x00000000a4800000| Untracked 
|  51|0x00000000a4900000, 0x00000000a4900000, 0x00000000a4a00000|  0%| F|  |TAMS 0x00000000a4900000, 0x00000000a4900000| Untracked 
|  52|0x00000000a4a00000, 0x00000000a4a00000, 0x00000000a4b00000|  0%| F|  |TAMS 0x00000000a4a00000, 0x00000000a4a00000| Untracked 
|  53|0x00000000a4b00000, 0x00000000a4b00000, 0x00000000a4c00000|  0%| F|  |TAMS 0x00000000a4b00000, 0x00000000a4b00000| Untracked 
|  54|0x00000000a4c00000, 0x00000000a4c00000, 0x00000000a4d00000|  0%| F|  |TAMS 0x00000000a4c00000, 0x00000000a4c00000| Untracked 
|  55|0x00000000a4d00000, 0x00000000a4d00000, 0x00000000a4e00000|  0%| F|  |TAMS 0x00000000a4d00000, 0x00000000a4d00000| Untracked 
|  56|0x00000000a4e00000, 0x00000000a4e00000, 0x00000000a4f00000|  0%| F|  |TAMS 0x00000000a4e00000, 0x00000000a4e00000| Untracked 
|  57|0x00000000a4f00000, 0x00000000a4f00000, 0x00000000a5000000|  0%| F|  |TAMS 0x00000000a4f00000, 0x00000000a4f00000| Untracked 
|  58|0x00000000a5000000, 0x00000000a5000000, 0x00000000a5100000|  0%| F|  |TAMS 0x00000000a5000000, 0x00000000a5000000| Untracked 
|  59|0x00000000a5100000, 0x00000000a5100000, 0x00000000a5200000|  0%| F|  |TAMS 0x00000000a5100000, 0x00000000a5100000| Untracked 
|  60|0x00000000a5200000, 0x00000000a5200000, 0x00000000a5300000|  0%| F|  |TAMS 0x00000000a5200000, 0x00000000a5200000| Untracked 
|  61|0x00000000a5300000, 0x00000000a5300000, 0x00000000a5400000|  0%| F|  |TAMS 0x00000000a5300000, 0x00000000a5300000| Untracked 
|  62|0x00000000a5400000, 0x00000000a5400000, 0x00000000a5500000|  0%| F|  |TAMS 0x00000000a5400000, 0x00000000a5400000| Untracked 
|  63|0x00000000a5500000, 0x00000000a5500000, 0x00000000a5600000|  0%| F|  |TAMS 0x00000000a5500000, 0x00000000a5500000| Untracked 
|  64|0x00000000a5600000, 0x00000000a5600000, 0x00000000a5700000|  0%| F|  |TAMS 0x00000000a5600000, 0x00000000a5600000| Untracked 
|  65|0x00000000a5700000, 0x00000000a5700000, 0x00000000a5800000|  0%| F|  |TAMS 0x00000000a5700000, 0x00000000a5700000| Untracked 
|  66|0x00000000a5800000, 0x00000000a5800000, 0x00000000a5900000|  0%| F|  |TAMS 0x00000000a5800000, 0x00000000a5800000| Untracked 
|  67|0x00000000a5900000, 0x00000000a5900000, 0x00000000a5a00000|  0%| F|  |TAMS 0x00000000a5900000, 0x00000000a5900000| Untracked 
|  68|0x00000000a5a00000, 0x00000000a5a00000, 0x00000000a5b00000|  0%| F|  |TAMS 0x00000000a5a00000, 0x00000000a5a00000| Untracked 
|  69|0x00000000a5b00000, 0x00000000a5b00000, 0x00000000a5c00000|  0%| F|  |TAMS 0x00000000a5b00000, 0x00000000a5b00000| Untracked 
|  70|0x00000000a5c00000, 0x00000000a5c00000, 0x00000000a5d00000|  0%| F|  |TAMS 0x00000000a5c00000, 0x00000000a5c00000| Untracked 
|  71|0x00000000a5d00000, 0x00000000a5d00000, 0x00000000a5e00000|  0%| F|  |TAMS 0x00000000a5d00000, 0x00000000a5d00000| Untracked 
|  72|0x00000000a5e00000, 0x00000000a5e00000, 0x00000000a5f00000|  0%| F|  |TAMS 0x00000000a5e00000, 0x00000000a5e00000| Untracked 
|  73|0x00000000a5f00000, 0x00000000a5f00000, 0x00000000a6000000|  0%| F|  |TAMS 0x00000000a5f00000, 0x00000000a5f00000| Untracked 
|  74|0x00000000a6000000, 0x00000000a6000000, 0x00000000a6100000|  0%| F|  |TAMS 0x00000000a6000000, 0x00000000a6000000| Untracked 
|  75|0x00000000a6100000, 0x00000000a6100000, 0x00000000a6200000|  0%| F|  |TAMS 0x00000000a6100000, 0x00000000a6100000| Untracked 
|  76|0x00000000a6200000, 0x00000000a6200000, 0x00000000a6300000|  0%| F|  |TAMS 0x00000000a6200000, 0x00000000a6200000| Untracked 
|  77|0x00000000a6300000, 0x00000000a6300000, 0x00000000a6400000|  0%| F|  |TAMS 0x00000000a6300000, 0x00000000a6300000| Untracked 
|  78|0x00000000a6400000, 0x00000000a6400000, 0x00000000a6500000|  0%| F|  |TAMS 0x00000000a6400000, 0x00000000a6400000| Untracked 
|  79|0x00000000a6500000, 0x00000000a6500000, 0x00000000a6600000|  0%| F|  |TAMS 0x00000000a6500000, 0x00000000a6500000| Untracked 
|  80|0x00000000a6600000, 0x00000000a6700000, 0x00000000a6700000|100%| S|CS|TAMS 0x00000000a6600000, 0x00000000a6600000| Complete 
|  81|0x00000000a6700000, 0x00000000a6700000, 0x00000000a6800000|  0%| F|  |TAMS 0x00000000a6700000, 0x00000000a6700000| Untracked 
|  82|0x00000000a6800000, 0x00000000a6800000, 0x00000000a6900000|  0%| F|  |TAMS 0x00000000a6800000, 0x00000000a6800000| Untracked 
|  83|0x00000000a6900000, 0x00000000a6900000, 0x00000000a6a00000|  0%| F|  |TAMS 0x00000000a6900000, 0x00000000a6900000| Untracked 
|  84|0x00000000a6a00000, 0x00000000a6a00000, 0x00000000a6b00000|  0%| F|  |TAMS 0x00000000a6a00000, 0x00000000a6a00000| Untracked 
|  85|0x00000000a6b00000, 0x00000000a6b00000, 0x00000000a6c00000|  0%| F|  |TAMS 0x00000000a6b00000, 0x00000000a6b00000| Untracked 
|  86|0x00000000a6c00000, 0x00000000a6c00000, 0x00000000a6d00000|  0%| F|  |TAMS 0x00000000a6c00000, 0x00000000a6c00000| Untracked 
|  87|0x00000000a6d00000, 0x00000000a6d00000, 0x00000000a6e00000|  0%| F|  |TAMS 0x00000000a6d00000, 0x00000000a6d00000| Untracked 
|  88|0x00000000a6e00000, 0x00000000a6e00000, 0x00000000a6f00000|  0%| F|  |TAMS 0x00000000a6e00000, 0x00000000a6e00000| Untracked 
|  89|0x00000000a6f00000, 0x00000000a6f8f120, 0x00000000a7000000| 55%| E|  |TAMS 0x00000000a6f00000, 0x00000000a6f00000| Complete 
|  90|0x00000000a7000000, 0x00000000a7100000, 0x00000000a7100000|100%| E|CS|TAMS 0x00000000a7000000, 0x00000000a7000000| Complete 
|  91|0x00000000a7100000, 0x00000000a7200000, 0x00000000a7200000|100%| E|CS|TAMS 0x00000000a7100000, 0x00000000a7100000| Complete 
|  92|0x00000000a7200000, 0x00000000a7300000, 0x00000000a7300000|100%| E|CS|TAMS 0x00000000a7200000, 0x00000000a7200000| Complete 
|  93|0x00000000a7300000, 0x00000000a7400000, 0x00000000a7400000|100%| E|CS|TAMS 0x00000000a7300000, 0x00000000a7300000| Complete 
|  94|0x00000000a7400000, 0x00000000a7500000, 0x00000000a7500000|100%| E|CS|TAMS 0x00000000a7400000, 0x00000000a7400000| Complete 
|  95|0x00000000a7500000, 0x00000000a7600000, 0x00000000a7600000|100%| E|  |TAMS 0x00000000a7500000, 0x00000000a7500000| Complete 

Card table byte_map: [0x000001b0cd9f0000,0x000001b0cdcf0000] _byte_map_base: 0x000001b0cd4e5000

Marking Bits (Prev, Next): (CMBitMap*) 0x000001b0b6e04960, (CMBitMap*) 0x000001b0b6e049a0
 Prev Bits: [0x000001b0cdff0000, 0x000001b0cf798000)
 Next Bits: [0x000001b0cf7a0000, 0x000001b0d0f48000)

Polling page: 0x000001b0b4c80000

Metaspace:

Usage:
  Non-class:     12.32 MB used.
      Class:      1.76 MB used.
       Both:     14.08 MB used.

Virtual space:
  Non-class space:       64.00 MB reserved,      12.44 MB ( 19%) committed,  1 nodes.
      Class space:        1.00 GB reserved,       1.88 MB ( <1%) committed,  1 nodes.
             Both:        1.06 GB reserved,      14.31 MB (  1%) committed. 

Chunk freelists:
   Non-Class:  2.70 MB
       Class:  2.03 MB
        Both:  4.73 MB

MaxMetaspaceSize: unlimited
CompressedClassSpaceSize: 1.00 GB
Initial GC threshold: 21.00 MB
Current GC threshold: 21.00 MB
CDS: on
MetaspaceReclaimPolicy: balanced
 - commit_granule_bytes: 65536.
 - commit_granule_words: 8192.
 - virtual_space_node_default_size: 8388608.
 - enlarge_chunks_in_place: 1.
 - new_chunks_are_fully_committed: 0.
 - uncommit_free_chunks: 1.
 - use_allocation_guard: 0.


Internal statistics:

num_allocs_failed_limit: 0.
num_arena_births: 130.
num_arena_deaths: 0.
num_vsnodes_births: 2.
num_vsnodes_deaths: 0.
num_space_committed: 229.
num_space_uncommitted: 0.
num_chunks_returned_to_freelist: 0.
num_chunks_taken_from_freelist: 452.
num_chunk_merges: 0.
num_chunk_splits: 314.
num_chunks_enlarged: 242.
num_inconsistent_stats: 0.

CodeHeap 'non-profiled nmethods': size=120000Kb used=520Kb max_used=520Kb free=119479Kb
 bounds [0x000001b0c61c0000, 0x000001b0c6430000, 0x000001b0cd6f0000]
CodeHeap 'profiled nmethods': size=120000Kb used=2830Kb max_used=2830Kb free=117169Kb
 bounds [0x000001b0bec90000, 0x000001b0bef60000, 0x000001b0c61c0000]
CodeHeap 'non-nmethods': size=5760Kb used=1207Kb max_used=1231Kb free=4553Kb
 bounds [0x000001b0be6f0000, 0x000001b0be960000, 0x000001b0bec90000]
 total_blobs=1983 nmethods=1484 adapters=412
 compilation: enabled
              stopped_count=0, restarted_count=0
 full_count=0

Compilation events (20 events):
Event: 2.900 Thread 0x000001b0d3418a50 nmethod 1434 0x000001b0bef2b810 code [0x000001b0bef2ba00, 0x000001b0bef2c018]
Event: 2.900 Thread 0x000001b0d3418a50 1437       3       java.util.Locale::<init> (15 bytes)
Event: 2.901 Thread 0x000001b0d3418a50 nmethod 1437 0x000001b0bef2c210 code [0x000001b0bef2c3c0, 0x000001b0bef2c5d8]
Event: 2.901 Thread 0x000001b0d3418a50 1438       3       sun.util.locale.BaseLocale::convertOldISOCodes (238 bytes)
Event: 2.902 Thread 0x000001b0d3418a50 nmethod 1438 0x000001b0bef2c690 code [0x000001b0bef2c8c0, 0x000001b0bef2d008]
Event: 2.902 Thread 0x000001b0d3418a50 1439       3       sun.util.locale.BaseLocale::getInstance (150 bytes)
Event: 2.903 Thread 0x000001b0d3418a50 nmethod 1439 0x000001b0bef2d190 code [0x000001b0bef2d400, 0x000001b0bef2dea8]
Event: 2.903 Thread 0x000001b0d3418a50 1440       3       sun.util.locale.BaseLocale$Key::getBaseLocale (25 bytes)
Event: 2.903 Thread 0x000001b0d3418a50 nmethod 1440 0x000001b0bef2e290 code [0x000001b0bef2e440, 0x000001b0bef2e788]
Event: 2.903 Thread 0x000001b0d3418a50 1442       3       sun.util.locale.LocaleUtils::isEmpty (19 bytes)
Event: 2.903 Thread 0x000001b0d3418a50 nmethod 1442 0x000001b0bef2e890 code [0x000001b0bef2ea40, 0x000001b0bef2ec88]
Event: 2.903 Thread 0x000001b0d3418a50 1443       3       sun.util.locale.BaseLocale$Key::normalize (67 bytes)
Event: 2.904 Thread 0x000001b0d3418a50 nmethod 1443 0x000001b0bef2ed90 code [0x000001b0bef2ef40, 0x000001b0bef2f1c8]
Event: 2.904 Thread 0x000001b0d3418a50 1441       3       java.util.Locale::forLanguageTag (74 bytes)
Event: 2.905 Thread 0x000001b0d3418a50 nmethod 1441 0x000001b0bef2f310 code [0x000001b0bef2f540, 0x000001b0bef2fc38]
Event: 2.905 Thread 0x000001b0d3418a50 1444       3       sun.util.locale.LanguageTag::isScript (21 bytes)
Event: 2.906 Thread 0x000001b0d3418a50 nmethod 1444 0x000001b0bef2fe90 code [0x000001b0bef300e0, 0x000001b0bef30b78]
Event: 2.906 Thread 0x000001b0d3418a50 1445       3       sun.util.locale.LanguageTag::isExtlang (21 bytes)
Event: 2.907 Thread 0x000001b0d3418a50 nmethod 1445 0x000001b0bef30f10 code [0x000001b0bef31160, 0x000001b0bef31bf8]
Event: 2.907 Thread 0x000001b0d3418a50 1446       3       sun.util.locale.LanguageTag::isRegion (36 bytes)

GC Heap History (4 events):
Event: 1.380 GC heap before
{Heap before GC invocations=0 (full 0):
 garbage-first heap   total 98304K, used 13312K [0x00000000a1600000, 0x0000000100000000)
  region size 1024K, 13 young (13312K), 0 survivors (0K)
 Metaspace       used 7091K, committed 7168K, reserved 1114112K
  class space    used 735K, committed 768K, reserved 1048576K
}
Event: 1.389 GC heap after
{Heap after GC invocations=1 (full 0):
 garbage-first heap   total 98304K, used 4244K [0x00000000a1600000, 0x0000000100000000)
  region size 1024K, 2 young (2048K), 2 survivors (2048K)
 Metaspace       used 7091K, committed 7168K, reserved 1114112K
  class space    used 735K, committed 768K, reserved 1048576K
}
Event: 2.182 GC heap before
{Heap before GC invocations=1 (full 0):
 garbage-first heap   total 98304K, used 17556K [0x00000000a1600000, 0x0000000100000000)
  region size 1024K, 15 young (15360K), 2 survivors (2048K)
 Metaspace       used 11506K, committed 11648K, reserved 1114112K
  class space    used 1455K, committed 1536K, reserved 1048576K
}
Event: 2.191 GC heap after
{Heap after GC invocations=2 (full 0):
 garbage-first heap   total 98304K, used 5332K [0x00000000a1600000, 0x0000000100000000)
  region size 1024K, 1 young (1024K), 1 survivors (1024K)
 Metaspace       used 11506K, committed 11648K, reserved 1114112K
  class space    used 1455K, committed 1536K, reserved 1048576K
}

Deoptimization events (20 events):
Event: 2.684 Thread 0x000001b0b6db2420 DEOPT PACKING pc=0x000001b0bef005fe sp=0x000000449affd100
Event: 2.684 Thread 0x000001b0b6db2420 DEOPT UNPACKING pc=0x000001b0be742b43 sp=0x000000449affc558 mode 0
Event: 2.686 Thread 0x000001b0b6db2420 DEOPT PACKING pc=0x000001b0bef00526 sp=0x000000449affcff0
Event: 2.686 Thread 0x000001b0b6db2420 DEOPT UNPACKING pc=0x000001b0be742b43 sp=0x000000449affc448 mode 0
Event: 2.710 Thread 0x000001b0b6db2420 Uncommon trap: trap_request=0xffffff45 fr.pc=0x000001b0c6236358 relative=0x00000000000008b8
Event: 2.711 Thread 0x000001b0b6db2420 Uncommon trap: reason=unstable_if action=reinterpret pc=0x000001b0c6236358 method=sun.security.provider.SHA2.implCompress0([BI)V @ 4 c2
Event: 2.711 Thread 0x000001b0b6db2420 DEOPT PACKING pc=0x000001b0c6236358 sp=0x000000449affd430
Event: 2.711 Thread 0x000001b0b6db2420 DEOPT UNPACKING pc=0x000001b0be7423a3 sp=0x000000449affd360 mode 2
Event: 2.817 Thread 0x000001b0b6db2420 Uncommon trap: trap_request=0xffffff45 fr.pc=0x000001b0c6230f34 relative=0x0000000000000374
Event: 2.817 Thread 0x000001b0b6db2420 Uncommon trap: reason=unstable_if action=reinterpret pc=0x000001b0c6230f34 method=java.lang.Integer.parseInt(Ljava/lang/String;I)I @ 119 c2
Event: 2.817 Thread 0x000001b0b6db2420 DEOPT PACKING pc=0x000001b0c6230f34 sp=0x000000449affda80
Event: 2.817 Thread 0x000001b0b6db2420 DEOPT UNPACKING pc=0x000001b0be7423a3 sp=0x000000449affd9e8 mode 2
Event: 2.854 Thread 0x000001b0b6db2420 Uncommon trap: trap_request=0xffffff45 fr.pc=0x000001b0c622f260 relative=0x00000000000000c0
Event: 2.854 Thread 0x000001b0b6db2420 Uncommon trap: reason=unstable_if action=reinterpret pc=0x000001b0c622f260 method=java.lang.CharacterDataLatin1.digit(II)I @ 7 c2
Event: 2.854 Thread 0x000001b0b6db2420 DEOPT PACKING pc=0x000001b0c622f260 sp=0x000000449affd7b0
Event: 2.854 Thread 0x000001b0b6db2420 DEOPT UNPACKING pc=0x000001b0be7423a3 sp=0x000000449affd670 mode 2
Event: 2.854 Thread 0x000001b0b6db2420 DEOPT PACKING pc=0x000001b0bee9cbd6 sp=0x000000449affc9e0
Event: 2.854 Thread 0x000001b0b6db2420 DEOPT UNPACKING pc=0x000001b0be742b43 sp=0x000000449affbe68 mode 0
Event: 2.857 Thread 0x000001b0b6db2420 DEOPT PACKING pc=0x000001b0bee8bec7 sp=0x000000449affc850
Event: 2.857 Thread 0x000001b0b6db2420 DEOPT UNPACKING pc=0x000001b0be742b43 sp=0x000000449affbd28 mode 0

Classes loaded (20 events):
Event: 2.709 Loading class javax/crypto/spec/SecretKeySpec$1
Event: 2.709 Loading class jdk/internal/access/JavaxCryptoSpecAccess
Event: 2.709 Loading class jdk/internal/access/JavaxCryptoSpecAccess done
Event: 2.710 Loading class javax/crypto/spec/SecretKeySpec$1 done
Event: 2.798 Loading class java/lang/NoSuchFieldError
Event: 2.799 Loading class java/lang/NoSuchFieldError done
Event: 2.833 Loading class java/util/SimpleTimeZone
Event: 2.836 Loading class java/util/SimpleTimeZone done
Event: 2.836 Loading class java/time/format/DateTimeParseException
Event: 2.836 Loading class java/time/DateTimeException
Event: 2.836 Loading class java/time/DateTimeException done
Event: 2.836 Loading class java/time/format/DateTimeParseException done
Event: 2.840 Loading class java/time/LocalDateTime$1
Event: 2.840 Loading class java/time/LocalDateTime$1 done
Event: 2.841 Loading class java/time/chrono/IsoEra
Event: 2.841 Loading class java/time/chrono/Era
Event: 2.842 Loading class java/time/chrono/Era done
Event: 2.842 Loading class java/time/chrono/IsoEra done
Event: 2.843 Loading class java/time/Instant$1
Event: 2.843 Loading class java/time/Instant$1 done

Classes unloaded (0 events):
No events

Classes redefined (0 events):
No events

Internal exceptions (20 events):
Event: 1.784 Thread 0x000001b0b6db2420 Exception <a 'java/lang/NoSuchMethodError'{0x00000000a6f71ac0}: 'java.lang.Object java.lang.invoke.DirectMethodHandle$Holder.invokeStaticInit(java.lang.Object, int, int, int, int)'> (0x00000000a6f71ac0) 
thrown [s\open\src\hotspot\share\interpreter\linkResolver.cpp, line 759]
Event: 1.863 Thread 0x000001b0b6db2420 Exception <a 'java/lang/NoSuchMethodError'{0x00000000a6fc0818}: 'java.lang.Object java.lang.invoke.DirectMethodHandle$Holder.invokeStaticInit(java.lang.Object, java.lang.Object, int, int, int, int)'> (0x00000000a6fc0818) 
thrown [s\open\src\hotspot\share\interpreter\linkResolver.cpp, line 759]
Event: 1.948 Thread 0x000001b0b6db2420 Implicit null exception at 0x000001b0c620a77e to 0x000001b0c620b320
Event: 1.948 Thread 0x000001b0b6db2420 Implicit null exception at 0x000001b0c620408f to 0x000001b0c6204109
Event: 2.010 Thread 0x000001b0b6db2420 Exception <a 'java/lang/NoSuchMethodError'{0x00000000a6c8fd98}: 'java.lang.Object java.lang.invoke.Invokers$Holder.invokeExact_MT(java.lang.Object, java.lang.Object, java.lang.Object, java.lang.Object, java.lang.Object, java.lang.Object)'> (0x00000000a6c8fd98) 
thrown [s\open\src\hotspot\share\interpreter\linkResolver.cpp, line 759]
Event: 2.249 Thread 0x000001b0b6db2420 Exception <a 'java/lang/NoSuchMethodError'{0x00000000a75972f0}: method resolution failed> (0x00000000a75972f0) 
thrown [s\open\src\hotspot\share\prims\methodHandles.cpp, line 1264]
Event: 2.252 Thread 0x000001b0b6db2420 Exception <a 'java/lang/NoSuchMethodError'{0x00000000a759ca30}: 'java.lang.Object java.lang.invoke.Invokers$Holder.invokeExact_MT(java.lang.Object, java.lang.Object, java.lang.Object, java.lang.Object, java.lang.Object)'> (0x00000000a759ca30) 
thrown [s\open\src\hotspot\share\interpreter\linkResolver.cpp, line 759]
Event: 2.262 Thread 0x000001b0b6db2420 Exception <a 'java/lang/NoSuchMethodError'{0x00000000a75c1f90}: 'java.lang.Object java.lang.invoke.DirectMethodHandle$Holder.invokeVirtual(java.lang.Object, java.lang.Object, java.lang.Object, java.lang.Object)'> (0x00000000a75c1f90) 
thrown [s\open\src\hotspot\share\interpreter\linkResolver.cpp, line 759]
Event: 2.263 Thread 0x000001b0b6db2420 Exception <a 'java/lang/NoSuchMethodError'{0x00000000a75ca810}: 'void java.lang.invoke.DirectMethodHandle$Holder.invokeStatic(java.lang.Object, java.lang.Object, java.lang.Object, java.lang.Object)'> (0x00000000a75ca810) 
thrown [s\open\src\hotspot\share\interpreter\linkResolver.cpp, line 759]
Event: 2.282 Thread 0x000001b0b6db2420 Exception <a 'java/lang/NoSuchMethodError'{0x00000000a74171f8}: 'int java.lang.invoke.DirectMethodHandle$Holder.invokeStatic(java.lang.Object, java.lang.Object, java.lang.Object, java.lang.Object)'> (0x00000000a74171f8) 
thrown [s\open\src\hotspot\share\interpreter\linkResolver.cpp, line 759]
Event: 2.282 Thread 0x000001b0b6db2420 Exception <a 'java/lang/NoSuchMethodError'{0x00000000a741a9f8}: 'int java.lang.invoke.DirectMethodHandle$Holder.invokeStaticInit(java.lang.Object, java.lang.Object, java.lang.Object, java.lang.Object)'> (0x00000000a741a9f8) 
thrown [s\open\src\hotspot\share\interpreter\linkResolver.cpp, line 759]
Event: 2.287 Thread 0x000001b0b6db2420 Exception <a 'java/lang/NoSuchMethodError'{0x00000000a74242a8}: 'java.lang.Object java.lang.invoke.DirectMethodHandle$Holder.invokeInterface(java.lang.Object, java.lang.Object)'> (0x00000000a74242a8) 
thrown [s\open\src\hotspot\share\interpreter\linkResolver.cpp, line 759]
Event: 2.289 Thread 0x000001b0b6db2420 Exception <a 'java/lang/IncompatibleClassChangeError'{0x00000000a7427b38}: Found class java.lang.Object, but interface was expected> (0x00000000a7427b38) 
thrown [s\open\src\hotspot\share\interpreter\linkResolver.cpp, line 826]
Event: 2.291 Thread 0x000001b0b6db2420 Exception <a 'java/lang/NoSuchMethodError'{0x00000000a742abe0}: 'void java.lang.invoke.DirectMethodHandle$Holder.invokeStatic(java.lang.Object, java.lang.Object)'> (0x00000000a742abe0) 
thrown [s\open\src\hotspot\share\interpreter\linkResolver.cpp, line 759]
Event: 2.292 Thread 0x000001b0b6db2420 Exception <a 'java/lang/NoSuchMethodError'{0x00000000a742e3d8}: 'void java.lang.invoke.DirectMethodHandle$Holder.invokeStaticInit(java.lang.Object, java.lang.Object)'> (0x00000000a742e3d8) 
thrown [s\open\src\hotspot\share\interpreter\linkResolver.cpp, line 759]
Event: 2.294 Thread 0x000001b0b6db2420 Exception <a 'java/lang/NoSuchMethodError'{0x00000000a7434360}: 'int java.lang.invoke.DirectMethodHandle$Holder.invokeStaticInit(java.lang.Object, java.lang.Object)'> (0x00000000a7434360) 
thrown [s\open\src\hotspot\share\interpreter\linkResolver.cpp, line 759]
Event: 2.370 Thread 0x000001b0b6db2420 Exception <a 'java/lang/NoSuchMethodError'{0x00000000a7304d98}: 'java.lang.Object java.lang.invoke.DirectMethodHandle$Holder.invokeStaticInit(java.lang.Object)'> (0x00000000a7304d98) 
thrown [s\open\src\hotspot\share\interpreter\linkResolver.cpp, line 759]
Event: 2.566 Thread 0x000001b0b6db2420 Exception <a 'sun/nio/fs/WindowsException'{0x00000000a7129960}> (0x00000000a7129960) 
thrown [s\open\src\hotspot\share\prims\jni.cpp, line 516]
Event: 2.705 Thread 0x000001b0b6db2420 Exception <a 'java/lang/NoSuchMethodError'{0x00000000a7174d90}: 'void java.lang.invoke.DirectMethodHandle$Holder.invokeStatic(java.lang.Object, java.lang.Object, java.lang.Object)'> (0x00000000a7174d90) 
thrown [s\open\src\hotspot\share\interpreter\linkResolver.cpp, line 759]
Event: 2.710 Thread 0x000001b0b6db2420 Implicit null exception at 0x000001b0c6235ad9 to 0x000001b0c623633c

VM Operations (20 events):
Event: 0.992 Executing VM operation: HandshakeAllThreads
Event: 0.992 Executing VM operation: HandshakeAllThreads done
Event: 1.379 Executing VM operation: G1CollectForAllocation
Event: 1.389 Executing VM operation: G1CollectForAllocation done
Event: 1.706 Executing VM operation: HandshakeAllThreads
Event: 1.706 Executing VM operation: HandshakeAllThreads done
Event: 1.706 Executing VM operation: HandshakeAllThreads
Event: 1.706 Executing VM operation: HandshakeAllThreads done
Event: 1.748 Executing VM operation: HandshakeAllThreads
Event: 1.748 Executing VM operation: HandshakeAllThreads done
Event: 1.814 Executing VM operation: HandshakeAllThreads
Event: 1.815 Executing VM operation: HandshakeAllThreads done
Event: 2.182 Executing VM operation: G1CollectForAllocation
Event: 2.191 Executing VM operation: G1CollectForAllocation done
Event: 2.446 Executing VM operation: HandshakeAllThreads
Event: 2.446 Executing VM operation: HandshakeAllThreads done
Event: 2.531 Executing VM operation: HandshakeAllThreads
Event: 2.531 Executing VM operation: HandshakeAllThreads done
Event: 2.576 Executing VM operation: HandshakeAllThreads
Event: 2.576 Executing VM operation: HandshakeAllThreads done

Events (20 events):
Event: 0.052 Thread 0x000001b0b6db2420 Thread added: 0x000001b0b6db2420
Event: 0.058 Thread 0x000001b0b6e6dd30 Thread added: 0x000001b0b6e6dd30
Event: 0.058 Thread 0x000001b0b6e732d0 Thread added: 0x000001b0b6e732d0
Event: 0.108 Thread 0x000001b0b6e7e6c0 Thread added: 0x000001b0b6e7e6c0
Event: 0.108 Thread 0x000001b0d33a80d0 Thread added: 0x000001b0d33a80d0
Event: 0.108 Thread 0x000001b0d33a8980 Thread added: 0x000001b0d33a8980
Event: 0.108 Thread 0x000001b0d33a9230 Thread added: 0x000001b0d33a9230
Event: 0.108 Thread 0x000001b0d33a9e10 Thread added: 0x000001b0d33a9e10
Event: 0.121 Thread 0x000001b0d3418a50 Thread added: 0x000001b0d3418a50
Event: 0.123 Thread 0x000001b0d341db10 Thread added: 0x000001b0d341db10
Event: 0.236 Thread 0x000001b0d785d740 Thread added: 0x000001b0d785d740
Event: 0.243 Thread 0x000001b0d7864290 Thread added: 0x000001b0d7864290
Event: 0.254 Loaded shared library C:\Program Files\Java\jdk-18.0.2\bin\net.dll
Event: 0.258 Loaded shared library C:\Program Files\Java\jdk-18.0.2\bin\nio.dll
Event: 0.278 Loaded shared library C:\Program Files\Java\jdk-18.0.2\bin\zip.dll
Event: 0.326 Loaded shared library C:\Program Files\Java\jdk-18.0.2\bin\jimage.dll
Event: 1.112 Loaded shared library C:\Program Files\Java\jdk-18.0.2\bin\verify.dll
Event: 2.372 Loaded shared library C:\Program Files\Java\jdk-18.0.2\bin\management.dll
Event: 2.377 Loaded shared library C:\Program Files\Java\jdk-18.0.2\bin\management_ext.dll
Event: 2.638 Thread 0x000001b0d875f020 Thread added: 0x000001b0d875f020


Dynamic libraries:
0x00007ff640200000 - 0x00007ff640210000 	C:\Program Files\Java\jdk-18.0.2\bin\javaw.exe
0x00007ffa2e7b0000 - 0x00007ffa2e9a8000 	C:\WINDOWS\SYSTEM32\ntdll.dll
0x00007ffa2ca60000 - 0x00007ffa2cb1d000 	C:\WINDOWS\System32\KERNEL32.DLL
0x00007ffa2c350000 - 0x00007ffa2c646000 	C:\WINDOWS\System32\KERNELBASE.dll
0x00007ffa2c6c0000 - 0x00007ffa2c7c0000 	C:\WINDOWS\System32\ucrtbase.dll
0x00007ff9f46d0000 - 0x00007ff9f46e8000 	C:\Program Files\Java\jdk-18.0.2\bin\jli.dll
0x00007ffa2e600000 - 0x00007ffa2e6ae000 	C:\WINDOWS\System32\ADVAPI32.dll
0x00007ffa2c9c0000 - 0x00007ffa2ca5e000 	C:\WINDOWS\System32\msvcrt.dll
0x00007ffa2d500000 - 0x00007ffa2d59c000 	C:\WINDOWS\System32\sechost.dll
0x00007ffa2e000000 - 0x00007ffa2e126000 	C:\WINDOWS\System32\RPCRT4.dll
0x00007ffa2d5a0000 - 0x00007ffa2d73e000 	C:\WINDOWS\System32\USER32.dll
0x00007ffa2be90000 - 0x00007ffa2beb2000 	C:\WINDOWS\System32\win32u.dll
0x00007ffa2e570000 - 0x00007ffa2e59c000 	C:\WINDOWS\System32\GDI32.dll
0x00007ffa2c020000 - 0x00007ffa2c13a000 	C:\WINDOWS\System32\gdi32full.dll
0x00007ffa2c1f0000 - 0x00007ffa2c28d000 	C:\WINDOWS\System32\msvcp_win.dll
0x00007ff9f46f0000 - 0x00007ff9f470a000 	C:\Program Files\Java\jdk-18.0.2\bin\VCRUNTIME140.dll
0x00007ffa1bba0000 - 0x00007ffa1be3a000 	C:\WINDOWS\WinSxS\amd64_microsoft.windows.common-controls_6595b64144ccf1df_6.0.19041.1110_none_60b5254171f9507e\COMCTL32.dll
0x00007ffa20ca0000 - 0x00007ffa20caa000 	C:\WINDOWS\SYSTEM32\VERSION.dll
0x00007ffa2dce0000 - 0x00007ffa2dd10000 	C:\WINDOWS\System32\IMM32.DLL
0x00007ff9f46c0000 - 0x00007ff9f46cc000 	C:\Program Files\Java\jdk-18.0.2\bin\vcruntime140_1.dll
0x00007ff9f4630000 - 0x00007ff9f46bd000 	C:\Program Files\Java\jdk-18.0.2\bin\msvcp140.dll
0x00007ff9f3a10000 - 0x00007ff9f4621000 	C:\Program Files\Java\jdk-18.0.2\bin\server\jvm.dll
0x00007ffa2c810000 - 0x00007ffa2c818000 	C:\WINDOWS\System32\PSAPI.DLL
0x00007ffa1dfb0000 - 0x00007ffa1dfb9000 	C:\WINDOWS\SYSTEM32\WSOCK32.dll
0x00007ffa2df90000 - 0x00007ffa2dffb000 	C:\WINDOWS\System32\WS2_32.dll
0x00007ffa1b9b0000 - 0x00007ffa1b9d7000 	C:\WINDOWS\SYSTEM32\WINMM.dll
0x00007ffa29d20000 - 0x00007ffa29d32000 	C:\WINDOWS\SYSTEM32\kernel.appcore.dll
0x00007ff9f3a00000 - 0x00007ff9f3a0a000 	C:\Program Files\Java\jdk-18.0.2\bin\jimage.dll
0x00007ffa24e90000 - 0x00007ffa25074000 	C:\WINDOWS\SYSTEM32\DBGHELP.DLL
0x00007ffa24e20000 - 0x00007ffa24e54000 	C:\WINDOWS\SYSTEM32\dbgcore.DLL
0x00007ffa2c290000 - 0x00007ffa2c312000 	C:\WINDOWS\System32\bcryptPrimitives.dll
0x00007ff9f39d0000 - 0x00007ff9f39f5000 	C:\Program Files\Java\jdk-18.0.2\bin\java.dll
0x00007ff9f38f0000 - 0x00007ff9f39c6000 	C:\Program Files\Java\jdk-18.0.2\bin\jsvml.dll
0x00007ffa2cb20000 - 0x00007ffa2d265000 	C:\WINDOWS\System32\SHELL32.dll
0x00007ffa29f20000 - 0x00007ffa2a6bb000 	C:\WINDOWS\SYSTEM32\windows.storage.dll
0x00007ffa2e150000 - 0x00007ffa2e4a4000 	C:\WINDOWS\System32\combase.dll
0x00007ffa2b8d0000 - 0x00007ffa2b8fe000 	C:\WINDOWS\SYSTEM32\Wldp.dll
0x00007ffa2e6b0000 - 0x00007ffa2e75d000 	C:\WINDOWS\System32\SHCORE.dll
0x00007ffa2c820000 - 0x00007ffa2c875000 	C:\WINDOWS\System32\shlwapi.dll
0x00007ffa2bdc0000 - 0x00007ffa2bde5000 	C:\WINDOWS\SYSTEM32\profapi.dll
0x00007ff9f38d0000 - 0x00007ff9f38e3000 	C:\Program Files\Java\jdk-18.0.2\bin\net.dll
0x00007ffa24230000 - 0x00007ffa2433a000 	C:\WINDOWS\SYSTEM32\WINHTTP.dll
0x00007ffa2b630000 - 0x00007ffa2b69a000 	C:\WINDOWS\system32\mswsock.dll
0x00007ff9f38b0000 - 0x00007ff9f38c6000 	C:\Program Files\Java\jdk-18.0.2\bin\nio.dll
0x00007ff9f3890000 - 0x00007ff9f38a8000 	C:\Program Files\Java\jdk-18.0.2\bin\zip.dll
0x00007ff9ee000000 - 0x00007ff9ee010000 	C:\Program Files\Java\jdk-18.0.2\bin\verify.dll
0x00007ffa2b820000 - 0x00007ffa2b838000 	C:\WINDOWS\SYSTEM32\CRYPTSP.dll
0x00007ffa2aed0000 - 0x00007ffa2af04000 	C:\WINDOWS\system32\rsaenh.dll
0x00007ffa2c320000 - 0x00007ffa2c347000 	C:\WINDOWS\System32\bcrypt.dll
0x00007ffa2bd80000 - 0x00007ffa2bdae000 	C:\WINDOWS\SYSTEM32\USERENV.dll
0x00007ffa2b840000 - 0x00007ffa2b84c000 	C:\WINDOWS\SYSTEM32\CRYPTBASE.dll
0x00007ffa2b2d0000 - 0x00007ffa2b30b000 	C:\WINDOWS\SYSTEM32\IPHLPAPI.DLL
0x00007ffa2e760000 - 0x00007ffa2e768000 	C:\WINDOWS\System32\NSI.dll
0x00007ffa24920000 - 0x00007ffa24937000 	C:\WINDOWS\SYSTEM32\dhcpcsvc6.DLL
0x00007ffa24c40000 - 0x00007ffa24c5d000 	C:\WINDOWS\SYSTEM32\dhcpcsvc.DLL
0x00007ffa2b310000 - 0x00007ffa2b3da000 	C:\WINDOWS\SYSTEM32\DNSAPI.dll
0x00007ffa232f0000 - 0x00007ffa232fa000 	C:\Windows\System32\rasadhlp.dll
0x00007ffa23340000 - 0x00007ffa233c2000 	C:\WINDOWS\System32\fwpuclnt.dll
0x00007ffa18bb0000 - 0x00007ffa18bb9000 	C:\Program Files\Java\jdk-18.0.2\bin\management.dll
0x00007ffa146d0000 - 0x00007ffa146db000 	C:\Program Files\Java\jdk-18.0.2\bin\management_ext.dll

dbghelp: loaded successfully - version: 4.0.5 - missing functions: none
symbol engine: initialized successfully - sym options: 0x614 - pdb path: .;C:\Program Files\Java\jdk-18.0.2\bin;C:\WINDOWS\SYSTEM32;C:\WINDOWS\WinSxS\amd64_microsoft.windows.common-controls_6595b64144ccf1df_6.0.19041.1110_none_60b5254171f9507e;C:\Program Files\Java\jdk-18.0.2\bin\server

VM Arguments:
jvm_args: -Dfile.encoding=UTF-8 -XX:+ShowCodeDetailsInExceptionMessages 
java_command: com.hospitalapp.controller.HospitalApp
java_class_path (initial): D:\Documents\Developer\Java Practice\Associate at TY\hospital_app\target\classes;C:\Users\shaik\.m2\repository\org\hibernate\hibernate-core\5.6.10.Final\hibernate-core-5.6.10.Final.jar;C:\Users\shaik\.m2\repository\org\jboss\logging\jboss-logging\3.4.3.Final\jboss-logging-3.4.3.Final.jar;C:\Users\shaik\.m2\repository\javax\persistence\javax.persistence-api\2.2\javax.persistence-api-2.2.jar;C:\Users\shaik\.m2\repository\net\bytebuddy\byte-buddy\1.12.9\byte-buddy-1.12.9.jar;C:\Users\shaik\.m2\repository\antlr\antlr\2.7.7\antlr-2.7.7.jar;C:\Users\shaik\.m2\repository\org\jboss\spec\javax\transaction\jboss-transaction-api_1.2_spec\1.1.1.Final\jboss-transaction-api_1.2_spec-1.1.1.Final.jar;C:\Users\shaik\.m2\repository\org\jboss\jandex\2.4.2.Final\jandex-2.4.2.Final.jar;C:\Users\shaik\.m2\repository\com\fasterxml\classmate\1.5.1\classmate-1.5.1.jar;C:\Users\shaik\.m2\repository\javax\activation\javax.activation-api\1.2.0\javax.activation-api-1.2.0.jar;C:\Users\shaik\.m2\repository\org\hibernate\common\hibernate-commons-annotations\5.1.2.Final\hibernate-commons-annotations-5.1.2.Final.jar;C:\Users\shaik\.m2\repository\javax\xml\bind\jaxb-api\2.3.1\jaxb-api-2.3.1.jar;C:\Users\shaik\.m2\repository\org\glassfish\jaxb\jaxb-runtime\2.3.1\jaxb-runtime-2.3.1.jar;C:\Users\shaik\.m2\repository\org\glassfish\jaxb\txw2\2.3.1\txw2-2.3.1.jar;C:\Users\shaik\.m2\repository\com\sun\istack\istack-commons-runtime\3.0.7\istack-commons-runtime-3.0.7.jar;C:\Users\shaik\.m2\repository\org\jvnet\staxex\stax-ex\1.8\stax-ex-1.8.jar;C:\Users\shaik\.m2\repository\com\sun\xml\fastinfoset\FastInfoset\1.2.15\FastInfoset-1.2.15.jar;C:\Users\shaik\.m2\repository\org\postgresql\postgresql\42.5.0\postgresql-42.5.0.jar;C:\Users\shaik\.m2\repository\org\checkerframework\checker-qual\3.5.0\checker-qual-3.5.0.jar
Launcher Type: SUN_STANDARD

[Global flags]
     intx CICompilerCount                          = 3                                         {product} {ergonomic}
     uint ConcGCThreads                            = 1                                         {product} {ergonomic}
     uint G1ConcRefinementThreads                  = 4                                         {product} {ergonomic}
   size_t G1HeapRegionSize                         = 1048576                                   {product} {ergonomic}
    uintx GCDrainStackTargetSize                   = 64                                        {product} {ergonomic}
   size_t InitialHeapSize                          = 100663296                                 {product} {ergonomic}
   size_t MarkStackSize                            = 4194304                                   {product} {ergonomic}
   size_t MaxHeapSize                              = 1587544064                                {product} {ergonomic}
   size_t MaxNewSize                               = 952107008                                 {product} {ergonomic}
   size_t MinHeapDeltaBytes                        = 1048576                                   {product} {ergonomic}
   size_t MinHeapSize                              = 8388608                                   {product} {ergonomic}
    uintx NonNMethodCodeHeapSize                   = 5832780                                {pd product} {ergonomic}
    uintx NonProfiledCodeHeapSize                  = 122912730                              {pd product} {ergonomic}
    uintx ProfiledCodeHeapSize                     = 122912730                              {pd product} {ergonomic}
    uintx ReservedCodeCacheSize                    = 251658240                              {pd product} {ergonomic}
     bool SegmentedCodeCache                       = true                                      {product} {ergonomic}
     bool ShowCodeDetailsInExceptionMessages       = true                                   {manageable} {command line}
   size_t SoftMaxHeapSize                          = 1587544064                             {manageable} {ergonomic}
     bool UseCompressedClassPointers               = true                           {product lp64_product} {ergonomic}
     bool UseCompressedOops                        = true                           {product lp64_product} {ergonomic}
     bool UseG1GC                                  = true                                      {product} {ergonomic}
     bool UseLargePagesIndividualAllocation        = false                                  {pd product} {ergonomic}

Logging:
Log output configuration:
 #0: stdout all=warning uptime,level,tags foldmultilines=false
 #1: stderr all=off uptime,level,tags foldmultilines=false

Environment Variables:
PATH=C:\Program Files\Common Files\Oracle\Java\javapath;C:\oracle\product\10.2.0\db_1\bin;C:\WINDOWS\system32;C:\WINDOWS;C:\WINDOWS\System32\Wbem;C:\WINDOWS\System32\WindowsPowerShell\v1.0\;C:\WINDOWS\System32\OpenSSH\;C:\Program Files\WIDCOMM\Bluetooth Software\;C:\Program Files\WIDCOMM\Bluetooth Software\syswow64;C:\Program Files\nodejs\;C:\Users\shaik\AppData\Local\Microsoft\WindowsApps;C:\Users\shaik\AppData\Local\Programs\Microsoft VS Code\bin;C:\Users\shaik\AppData\Roaming\npm;C:\Users\shaik\AppData\Local\GitHubDesktop\bin;C:\Users\shaik\AppData\Local\Android\Sdk\platform-tools;
USERNAME=shaik
OS=Windows_NT
PROCESSOR_IDENTIFIER=Intel64 Family 6 Model 58 Stepping 9, GenuineIntel



---------------  S Y S T E M  ---------------

OS:
 Windows 10 , 64 bit Build 19041 (10.0.19041.3393)
OS uptime: 0 days 5:44 hours

CPU: total 4 (initial active 4) (2 cores per cpu, 2 threads per core) family 6 model 58 stepping 9 microcode 0x21, cx8, cmov, fxsr, ht, mmx, sse, sse2, sse3, ssse3, sse4.1, sse4.2, popcnt, tsc, tscinvbit, avx, aes, erms, clmul, vzeroupper, clflush

Memory: 4k page, system-wide physical 6049M (1151M free)
TotalPageFile size 13418M (AvailPageFile size 5M)
current process WorkingSet (physical memory assigned to process): 88M, peak: 88M
current process commit charge ("private bytes"): 200M, peak: 201M

vm_info: Java HotSpot(TM) 64-Bit Server VM (18.0.2+9-61) for windows-amd64 JRE (18.0.2+9-61), built on Jun  7 2022 13:09:01 by "mach5one" with MS VC++ 16.8 / 16.9 (VS2019)

END.
